Loading F:\Development\unicentaopos395\locales\pos_messages.properties...
OK

Loading F:\Development\unicentaopos395\locales\pos_messages_fr.properties...
Missing Key: Menu.BarcodeSheet_JM
Missing Key: Menu.Import
Missing Key: Menu.Import.Reports
Missing Key: button.Cancel
Missing Key: button.email
Missing Key: button.prodhtmldisplayBold
Missing Key: button.prodhtmldisplayBreak
Missing Key: button.prodhtmldisplayColour
Missing Key: button.prodhtmldisplayItalic
Missing Key: button.prodhtmldisplayLarge
Missing Key: button.prodhtmldisplayReset
Missing Key: button.prodhtmldisplaySmall
Missing Key: label.MachineDepartment
Missing Key: label.NameIP
Missing Key: label.StripeLiveKey
Missing Key: label.StripeLivePublishableKey
Missing Key: label.StripeTestKey
Missing Key: label.StripeTestPublishableKey
Missing Key: label.autoRefreshTableMap
Missing Key: label.autoRefreshTableMapTimer
Missing Key: label.autoRefreshTableMapTimerOFF
Missing Key: label.autoRefreshTableMapTimerON
Missing Key: label.autologoffzero
Missing Key: label.bycategory
Missing Key: label.cardreader
Missing Key: label.ccatorder
Missing Key: label.colourchooser
Missing Key: label.configOptionKeypad
Missing Key: label.configOptionLogOff
Missing Key: label.configOptionRestaurant
Missing Key: label.configOptionStartup
Missing Key: label.imagesize
Missing Key: label.nameIP
Missing Key: label.printto
Missing Key: label.prodconstant
Missing Key: label.product
Missing Key: label.rental
Missing Key: label.stocktaker
Missing Key: label.tblHeaderCol1
Missing Key: label.tblHeaderCol2
Missing Key: label.tblHeaderCol3
Missing Key: label.tblHeaderCol4
Missing Key: label.tblHeaderCol5
Missing Key: label.tktfooter1
Missing Key: label.tktfooter2
Missing Key: label.tktfooter3
Missing Key: label.tktfooter4
Missing Key: label.tktfooter5
Missing Key: label.tktfooter6
Missing Key: label.tktheader1
Missing Key: label.tktheader2
Missing Key: label.tktheader3
Missing Key: label.tktheader4
Missing Key: label.tktheader5
Missing Key: label.tktheader6
Missing Key: label.warranty
Missing Key: message.email
Missing Key: message.ticketrefunded
Missing Key: message.ticketrefundedtitle
Missing Key: rest.label.selectcustomer
Missing Key: rest.label.showcalendar
Missing Key: tkt.tktfooter1
Missing Key: tkt.tktfooter2
Missing Key: tkt.tktfooter3
Missing Key: tkt.tktfooter4
Missing Key: tkt.tktfooter5
Missing Key: tkt.tktfooter6
Missing Key: tkt.tktheader1
Missing Key: tkt.tktheader2
Missing Key: tkt.tktheader3
Missing Key: tkt.tktheader4
Missing Key: tkt.tktheader5
Missing Key: tkt.tktheader6
Missing Key: tooltip.addnew
Missing Key: tooltip.addnewticket
Missing Key: tooltip.delete
Missing Key: tooltip.layaway
Missing Key: tooltip.prodhtmldisplayColourChooser
Missing Key: tooltip.quicklogoff
Missing Key: tooltip.save
Missing Key: tooltip.ticketedit
Missing Key: tooltip.ticketrefund
Missing Key: tooltip.ticketreprint
Missing Key: tooltip.ticketsearch
84 missing keys are found.

Unknown Key: CustomersView.jButton2.toolTipText_1
Unknown Key: CustomersView.jButton3.toolTipText
Unknown Key: database.ScriptError
Unknown Key: database.ScriptWarning
Unknown Key: database.scripterror
Unknown Key: display.Null
6 unknown keys are found.

pos_messages.properties saved.

pos_messages_fr.properties saved.

Loading F:\Development\unicentaopos395\locales\pos_messages_fr.properties...
Unknown Key: CustomersView.jButton2.toolTipText_1
Unknown Key: CustomersView.jButton3.toolTipText
Unknown Key: database.ScriptError
Unknown Key: database.ScriptWarning
Unknown Key: database.scripterror
Unknown Key: display.Null
6 unknown keys are found.

Property Modified: Menu.BarcodeSheet_JM=Étiquettes: codes barre JM -----> Étiquettes: codes barre
Property Modified: Menu.Breaks=Labels: Barcode JM -----> Étiquettes: codes barre JM
Property Modified: Menu.CashRegisterLog=Cash Flow -----> des flux de trésorerie
Property Modified: Menu.InvalidData=CSV Import Reports -----> CSV Import Rapports
Property Modified: Menu.Printer=Presence Management -----> Gestion de présence
Property Modified: Menu.Reports=Taxes -----> Les impôts
Property Modified: Menu.ShelfEdgeLabels=Product Sales Profit -----> Product : profit des ventes
Property Modified: Menu.UtilityOptions=Utilitaires -----> Utilité
Property Modified: Visor.Title=Utilitaires -----> Choix utilitaires
Property Modified: button.cancel=OK -----> Annuler
Property Modified: button.catalogadd=Annuler -----> Ajouter au catalogue
Property Modified: button.clean=Retirer du catalogue -----> Supprimer du catalogue
Property Modified: button.closecash=Quitter -----> Terminer
Property Modified: button.email=Editer -----> éditer
Property Modified: button.newticket=CSV Importer -----> Nouveau Client
Property Modified: button.prodhtmldisplayBold=Bold -----> Gras
Property Modified: button.prodhtmldisplayBreak=Gras -----> Saut de ligne
Property Modified: button.prodhtmldisplayBreak=Saut de ligne -----> Gras
Property Modified: button.prodhtmldisplayItalic= Colour -----> Couleur
Property Modified: button.prodhtmldisplayLarge=Italic -----> italique
Property Modified: button.prodhtmldisplayReset=Large -----> Grande
Property Modified: button.prodhtmldisplaySmall=Reset -----> Remettre
Property Modified: button.refund=small -----> Petite
Property Modified: button.setperson=Cuisine -----> Envoyer
Property Modified: caption.upload=Tickets -----> Bon de commande
Property Modified: label.Password=Computer Name/IP -----> Nom de l'ordinateur / IP
Scanning for unused properties...
pos_messages_fr.properties saved.

Loading F:\Development\unicentaopos395\locales\pos_messages_fr.properties...
Unknown Key: CustomersView.jButton2.toolTipText_1
Unknown Key: CustomersView.jButton3.toolTipText
Unknown Key: database.ScriptError
Unknown Key: database.ScriptWarning
Unknown Key: database.scripterror
Unknown Key: display.Null
6 unknown keys are found.

